<?xml version="1.0" encoding="UTF-8"?>
<!-- Generated by org.testng.reporters.JUnitXMLReporter -->
<testsuite hostname="Abhijit-PC" name="Default test" tests="3" failures="0" timestamp="23 Nov 2015 07:26:44 GMT" time="32.934" errors="0">
  <testcase name="testFindAndHoldSeats" time="31.962" classname="com.walmart.TicketServiceTest"/>
  <testcase name="testNumSeatsAvailable" time="0.07" classname="com.walmart.TicketServiceTest"/>
  <testcase name="testReserveSeats" time="0.055" classname="com.walmart.TicketServiceTest"/>
</testsuite> <!-- Default test -->
